0 verbose cli C:\Program Files\nodejs\node.exe C:\Program Files\nodejs\node_modules\npm\bin\npm-cli.js
1 info using npm@10.9.2
2 info using node@v22.16.0
3 silly config load:file:C:\Program Files\nodejs\node_modules\npm\npmrc
4 silly config load:file:C:\worktime_v2\.npmrc
5 silly config load:file:C:\Users\Vision-youkyung\.npmrc
6 silly config load:file:C:\Users\Vision-youkyung\AppData\Roaming\npm\etc\npmrc
7 verbose title npm exec vercel --prod --yes
8 verbose argv "exec" "--yes" "--" "vercel" "--prod" "--yes"
9 verbose logfile logs-max:10 dir:C:\worktime_v2\.npm-cache\_logs\2026-03-27T01_56_12_500Z-
10 verbose logfile C:\worktime_v2\.npm-cache\_logs\2026-03-27T01_56_12_500Z-debug-0.log
11 silly logfile done cleaning log files
12 silly packumentCache heap:4345298944 maxSize:1086324736 maxEntrySize:543162368
13 http fetch GET 200 https://registry.npmjs.org/vercel 8006ms (cache revalidated)
14 silly packumentCache heap:4345298944 maxSize:1086324736 maxEntrySize:543162368
15 silly packumentCache heap:4345298944 maxSize:1086324736 maxEntrySize:543162368
16 verbose cwd C:\worktime_v2
17 verbose os Windows_NT 10.0.26200
18 verbose node v22.16.0
19 verbose npm  v10.9.2
20 verbose exit 0
21 info ok
